<?xml version="1.0" encoding="UTF-8"?>
<testng-results skipped="0" failed="0" ignored="0" total="1" passed="1">
  <reporter-output>
  </reporter-output>
  <suite name="Command line suite" duration-ms="1603" started-at="2019-08-07T15:58:07Z" finished-at="2019-08-07T15:58:08Z">
    <groups>
    </groups>
    <test name="Command line test" duration-ms="1603" started-at="2019-08-07T15:58:07Z" finished-at="2019-08-07T15:58:08Z">
      <class name="getRequest.GetData">
        <test-method status="PASS" signature="testBody()[pri:0, instance:getRequest.GetData@1134affc]" name="testBody" duration-ms="1584" started-at="2019-08-07T15:58:07Z" finished-at="2019-08-07T15:58:08Z">
          <reporter-output>
          </reporter-output>
        </test-method> <!-- testBody -->
      </class> <!-- getRequest.GetData -->
    </test> <!-- Command line test -->
  </suite> <!-- Command line suite -->
</testng-results>
